1 0 0 0
2 2 62 122
3 0 0 0
4 4 64 124
5 0 0 0
6 6 66 126
7 0 0 0
8 8 68 128
9 0 0 0
10 10 70 130
11 0 0 0
12 12 72 132
13 0 0 0
14 14 74 134
15 0 0 0
16 16 76 136
17 0 0 0
18 18 78 138
19 0 0 0
20 20 80 140
21 0 0 0
22 22 82 142
23 0 0 0
24 24 84 144
25 0 0 0
26 26 86 146
27 0 0 0
28 28 88 148
29 0 0 0
30 30 90 150
31 0 0 0
32 32 92 152
33 0 0 0
34 34 94 154
35 0 0 0
36 36 96 156
37 0 0 0
38 38 98 158
39 0 0 0
40 40 100 160
41 0 0 0
42 42 102 162
43 0 0 0
44 44 104 164
45 0 0 0
46 46 106 166
47 0 0 0
48 48 108 168
49 0 0 0
50 50 110 170
51 0 0 0
52 52 112 172
53 0 0 0
54 54 114 174
55 0 0 0
56 56 116 176
57 0 0 0
58 58 118 178
59 0 0 0
60 60 120 180
1 1 61 121
2 0 0 0
3 3 63 123
4 0 0 0
5 5 65 125
6 0 0 0
7 7 67 127
8 0 0 0
9 9 69 129
10 0 0 0
11 11 71 131
12 0 0 0
13 13 73 133
14 0 0 0
15 15 75 135
16 0 0 0
17 17 77 137
18 0 0 0
19 19 79 139
20 0 0 0
21 21 81 141
22 0 0 0
23 23 83 143
24 0 0 0
25 25 85 145
26 0 0 0
27 27 87 147
28 0 0 0
29 29 89 149
30 0 0 0
31 31 91 151
32 0 0 0
33 33 93 153
34 0 0 0
35 35 95 155
36 0 0 0
37 37 97 157
38 0 0 0
39 39 99 159
40 0 0 0
41 41 101 161
42 0 0 0
43 43 103 163
44 0 0 0
45 45 105 165
46 0 0 0
47 47 107 167
48 0 0 0
49 49 109 169
50 0 0 0
51 51 111 171
52 0 0 0
53 53 113 173
54 0 0 0
55 55 115 175
56 0 0 0
57 57 117 177
58 0 0 0
59 59 119 179
60 0 0 0
