1 1 2 3
2 8334 8335 8336
3 16667 16668 16669
4 25000 25001 25002
5 33333 33334 33335
6 41666 41667 41668
7 49999 50000 50001
8 58332 58333 58334
9 66665 66666 66667
10 74998 74999 75000
11 83331 83332 83333
12 91664 91665 91666
13 99997 99998 99999
14 108330 108331 108332
15 116663 116664 116665
16 124996 124997 124998
17 133329 133330 133331
18 141662 141663 141664
19 149995 149996 149997
20 158328 158329 158330
21 166661 166662 166663
22 174994 174995 174996
23 183327 183328 183329
24 191660 191661 191662
25 199993 199994 199995
26 208326 208327 208328
27 216659 216660 216661
28 224992 224993 224994
29 233325 233326 233327
30 241658 241659 241660
31 249991 249992 249993
32 258324 258325 258326
33 266657 266658 266659
34 274990 274991 274992
35 283323 283324 283325
36 291656 291657 291658
37 299989 299990 299991
38 308322 308323 308324
39 316655 316656 316657
40 324988 324989 324990
41 333321 333322 333323
42 341654 341655 341656
43 349987 349988 349989
44 358320 358321 358322
45 366653 366654 366655
46 374986 374987 374988
47 383319 383320 383321
48 391652 391653 391654
49 399985 399986 399987
50 408318 408319 408320
51 416651 416652 416653
52 424984 424985 424986
53 433317 433318 433319
54 441650 441651 441652
55 449983 449984 449985
56 458316 458317 458318
57 466649 466650 466651
58 474982 474983 474984
59 483315 483316 483317
60 491648 491649 491650
1 500001 500002 500003
2 508334 508335 508336
3 516667 516668 516669
4 525000 525001 525002
5 533333 533334 533335
6 541666 541667 541668
7 549999 550000 550001
8 558332 558333 558334
9 566665 566666 566667
10 574998 574999 575000
11 583331 583332 583333
12 591664 591665 591666
13 599997 599998 599999
14 608330 608331 608332
15 616663 616664 616665
16 624996 624997 624998
17 633329 633330 633331
18 641662 641663 641664
19 649995 649996 649997
20 658328 658329 658330
21 666661 666662 666663
22 674994 674995 674996
23 683327 683328 683329
24 691660 691661 691662
25 699993 699994 699995
26 708326 708327 708328
27 716659 716660 716661
28 724992 724993 724994
29 733325 733326 733327
30 741658 741659 741660
31 749991 749992 749993
32 758324 758325 758326
33 766657 766658 766659
34 774990 774991 774992
35 783323 783324 783325
36 791656 791657 791658
37 799989 799990 799991
38 808322 808323 808324
39 816655 816656 816657
40 824988 824989 824990
41 833321 833322 833323
42 841654 841655 841656
43 849987 849988 849989
44 858320 858321 858322
45 866653 866654 866655
46 874986 874987 874988
47 883319 883320 883321
48 891652 891653 891654
49 899985 899986 899987
50 908318 908319 908320
51 916651 916652 916653
52 924984 924985 924986
53 933317 933318 933319
54 941650 941651 941652
55 949983 949984 949985
56 958316 958317 958318
57 966649 966650 966651
58 974982 974983 974984
59 983315 983316 983317
60 991648 991649 991650
